# JRE version: Java(TM) SE Runtime Environment (8.0_92-b14) (build 1.8.0_92-b14)
# Java VM: Java HotSpot(TM) 64-Bit Server VM (25.92-b14 mixed mode windows-amd64 compressed oops)
Heap:
 PSYoungGen      total 235520K, used 6847K [0x00000000d5d00000, 0x00000000e7e80000, 0x0000000100000000)
  eden space 211456K, 3% used [0x00000000d5d00000,0x00000000d63afc10,0x00000000e2b80000)
  from space 24064K, 0% used [0x00000000e2b80000,0x00000000e2b80000,0x00000000e4300000)
  to   space 24576K, 0% used [0x00000000e6680000,0x00000000e6680000,0x00000000e7e80000)
 ParOldGen       total 135168K, used 24805K [0x0000000081600000, 0x0000000089a00000, 0x00000000d5d00000)
  object space 135168K, 18% used [0x0000000081600000,0x0000000082e397a0,0x0000000089a00000)
 Metaspace       used 57657K, capacity 58300K, committed 59352K, reserved 1101824K
  class space    used 7359K, capacity 7492K, committed 7680K, reserved 1048576K
GC Heap History (10 events):
Event: 15.702 GC heap before
{Heap before GC invocations=12 (full 2):
 PSYoungGen      total 164352K, used 149504K [0x00000000d5d00000, 0x00000000e3800000, 0x0000000100000000)
  eden space 149504K, 100% used [0x00000000d5d00000,0x00000000def00000,0x00000000def00000)
  from space 14848K, 0% used [0x00000000def00000,0x00000000def00000,0x00000000dfd80000)
  to   space 16896K, 0% used [0x00000000e2780000,0x00000000e2780000,0x00000000e3800000)
 ParOldGen       total 103936K, used 22109K [0x0000000081600000, 0x0000000087b80000, 0x00000000d5d00000)
  object space 103936K, 21% used [0x0000000081600000,0x0000000082b974c8,0x0000000087b80000)
 Metaspace       used 47067K, capacity 47576K, committed 47872K, reserved 1091584K
  class space    used 6012K, capacity 6133K, committed 6144K, reserved 1048576K
Event: 15.735 GC heap after
Heap after GC invocations=12 (full 2):
 PSYoungGen      total 196608K, used 15933K [0x00000000d5d00000, 0x00000000e3780000, 0x0000000100000000)
  eden space 180224K, 0% used [0x00000000d5d00000,0x00000000d5d00000,0x00000000e0d00000)
  from space 16384K, 97% used [0x00000000e2780000,0x00000000e370f628,0x00000000e3780000)
  to   space 18944K, 0% used [0x00000000e1280000,0x00000000e1280000,0x00000000e2500000)
 ParOldGen       total 103936K, used 22117K [0x0000000081600000, 0x0000000087b80000, 0x00000000d5d00000)
  object space 103936K, 21% used [0x0000000081600000,0x0000000082b994c8,0x0000000087b80000)
 Metaspace       used 47067K, capacity 47576K, committed 47872K, reserved 1091584K
  class space    used 6012K, capacity 6133K, committed 6144K, reserved 1048576K
}
Event: 23.471 GC heap before
{Heap before GC invocations=13 (full 2):
 PSYoungGen      total 196608K, used 196157K [0x00000000d5d00000, 0x00000000e3780000, 0x0000000100000000)
  eden space 180224K, 100% used [0x00000000d5d00000,0x00000000e0d00000,0x00000000e0d00000)
  from space 16384K, 97% used [0x00000000e2780000,0x00000000e370f628,0x00000000e3780000)
  to   space 18944K, 0% used [0x00000000e1280000,0x00000000e1280000,0x00000000e2500000)
 ParOldGen       total 103936K, used 22117K [0x0000000081600000, 0x0000000087b80000, 0x00000000d5d00000)
  object space 103936K, 21% used [0x0000000081600000,0x0000000082b994c8,0x0000000087b80000)
 Metaspace       used 52634K, capacity 53320K, committed 53504K, reserved 1095680K
  class space    used 6693K, capacity 6845K, committed 6912K, reserved 1048576K
Event: 23.561 GC heap after
Heap after GC invocations=13 (full 2):
 PSYoungGen      total 204800K, used 16741K [0x00000000d5d00000, 0x00000000e5700000, 0x0000000100000000)
  eden space 185856K, 0% used [0x00000000d5d00000,0x00000000d5d00000,0x00000000e1280000)
  from space 18944K, 88% used [0x00000000e1280000,0x00000000e22d97c8,0x00000000e2500000)
  to   space 20480K, 0% used [0x00000000e4300000,0x00000000e4300000,0x00000000e5700000)
 ParOldGen       total 103936K, used 22157K [0x0000000081600000, 0x0000000087b80000, 0x00000000d5d00000)
  object space 103936K, 21% used [0x0000000081600000,0x0000000082ba34d8,0x0000000087b80000)
 Metaspace       used 52634K, capacity 53320K, committed 53504K, reserved 1095680K
  class space    used 6693K, capacity 6845K, committed 6912K, reserved 1048576K
}
Event: 26.824 GC heap before
{Heap before GC invocations=14 (full 2):
 PSYoungGen      total 204800K, used 202597K [0x00000000d5d00000, 0x00000000e5700000, 0x0000000100000000)
  eden space 185856K, 100% used [0x00000000d5d00000,0x00000000e1280000,0x00000000e1280000)
  from space 18944K, 88% used [0x00000000e1280000,0x00000000e22d97c8,0x00000000e2500000)
  to   space 20480K, 0% used [0x00000000e4300000,0x00000000e4300000,0x00000000e5700000)
 ParOldGen       total 103936K, used 22157K [0x0000000081600000, 0x0000000087b80000, 0x00000000d5d00000)
  object space 103936K, 21% used [0x0000000081600000,0x0000000082ba34d8,0x0000000087b80000)
 Metaspace       used 55901K, capacity 56692K, committed 56832K, reserved 1099776K
  class space    used 7170K, capacity 7350K, committed 7424K, reserved 1048576K
Event: 26.900 GC heap after
Heap after GC invocations=14 (full 2):
 PSYoungGen      total 231936K, used 20472K [0x00000000d5d00000, 0x00000000e6700000, 0x0000000100000000)
  eden space 211456K, 0% used [0x00000000d5d00000,0x00000000d5d00000,0x00000000e2b80000)
  from space 20480K, 99% used [0x00000000e4300000,0x00000000e56fe220,0x00000000e5700000)
  to   space 24064K, 0% used [0x00000000e2b80000,0x00000000e2b80000,0x00000000e4300000)
 ParOldGen       total 103936K, used 24203K [0x0000000081600000, 0x0000000087b80000, 0x00000000d5d00000)
  object space 103936K, 23% used [0x0000000081600000,0x0000000082da2f38,0x0000000087b80000)
 Metaspace       used 55901K, capacity 56692K, committed 56832K, reserved 1099776K
  class space    used 7170K, capacity 7350K, committed 7424K, reserved 1048576K
}
Event: 5642.785 GC heap before
{Heap before GC invocations=15 (full 2):
 PSYoungGen      total 231936K, used 115959K [0x00000000d5d00000, 0x00000000e6700000, 0x0000000100000000)
  eden space 211456K, 45% used [0x00000000d5d00000,0x00000000dba3fb98,0x00000000e2b80000)
  from space 20480K, 99% used [0x00000000e4300000,0x00000000e56fe220,0x00000000e5700000)
  to   space 24064K, 0% used [0x00000000e2b80000,0x00000000e2b80000,0x00000000e4300000)
 ParOldGen       total 103936K, used 24203K [0x0000000081600000, 0x0000000087b80000, 0x00000000d5d00000)
  object space 103936K, 23% used [0x0000000081600000,0x0000000082da2f38,0x0000000087b80000)
 Metaspace       used 58116K, capacity 58984K, committed 59096K, reserved 1101824K
  class space    used 7429K, capacity 7622K, committed 7680K, reserved 1048576K
Event: 5642.822 GC heap after
Heap after GC invocations=15 (full 2):
 PSYoungGen      total 235520K, used 15668K [0x00000000d5d00000, 0x00000000e7e80000, 0x0000000100000000)
  eden space 211456K, 0% used [0x00000000d5d00000,0x00000000d5d00000,0x00000000e2b80000)
  from space 24064K, 65% used [0x00000000e2b80000,0x00000000e3acd1e0,0x00000000e4300000)
  to   space 24576K, 0% used [0x00000000e6680000,0x00000000e6680000,0x00000000e7e80000)
 ParOldGen       total 103936K, used 24211K [0x0000000081600000, 0x0000000087b80000, 0x00000000d5d00000)
  object space 103936K, 23% used [0x0000000081600000,0x0000000082da4f38,0x0000000087b80000)
 Metaspace       used 58116K, capacity 58984K, committed 59096K, reserved 1101824K
  class space    used 7429K, capacity 7622K, committed 7680K, reserved 1048576K
}
Event: 5642.822 GC heap before
{Heap before GC invocations=16 (full 3):
 PSYoungGen      total 235520K, used 15668K [0x00000000d5d00000, 0x00000000e7e80000, 0x0000000100000000)
  eden space 211456K, 0% used [0x00000000d5d00000,0x00000000d5d00000,0x00000000e2b80000)
  from space 24064K, 65% used [0x00000000e2b80000,0x00000000e3acd1e0,0x00000000e4300000)
  to   space 24576K, 0% used [0x00000000e6680000,0x00000000e6680000,0x00000000e7e80000)
 ParOldGen       total 103936K, used 24211K [0x0000000081600000, 0x0000000087b80000, 0x00000000d5d00000)
  object space 103936K, 23% used [0x0000000081600000,0x0000000082da4f38,0x0000000087b80000)
 Metaspace       used 58116K, capacity 58984K, committed 59096K, reserved 1101824K
  class space    used 7429K, capacity 7622K, committed 7680K, reserved 1048576K
Event: 5643.096 GC heap after
Heap after GC invocations=16 (full 3):
 PSYoungGen      total 235520K, used 0K [0x00000000d5d00000, 0x00000000e7e80000, 0x0000000100000000)
  eden space 211456K, 0% used [0x00000000d5d00000,0x00000000d5d00000,0x00000000e2b80000)
  from space 24064K, 0% used [0x00000000e2b80000,0x00000000e2b80000,0x00000000e4300000)
  to   space 24576K, 0% used [0x00000000e6680000,0x00000000e6680000,0x00000000e7e80000)
 ParOldGen       total 135168K, used 24805K [0x0000000081600000, 0x0000000089a00000, 0x00000000d5d00000)
  object space 135168K, 18% used [0x0000000081600000,0x0000000082e397a0,0x0000000089a00000)
 Metaspace       used 57652K, capacity 58236K, committed 59096K, reserved 1101824K
  class space    used 7357K, capacity 7492K, committed 7680K, reserved 1048576K
}

